<testsuites id="" name="" tests="20" failures="0" skipped="0" errors="0" time="75.95891099999999">
<testsuite name="example.spec.js" timestamp="2026-03-21T13:26:59.293Z" hostname="chromium" tests="4" failures="0" skipped="0" time="29.143" errors="0">
<testcase name="JobApp E2E Tests › homepage loads correctly" classname="example.spec.js" time="6.974">
</testcase>
<testcase name="JobApp E2E Tests › navigation works" classname="example.spec.js" time="7.112">
</testcase>
<testcase name="JobApp E2E Tests › responsive design works" classname="example.spec.js" time="7.63">
</testcase>
<testcase name="JobApp E2E Tests › error handling works" classname="example.spec.js" time="7.427">
</testcase>
</testsuite>
<testsuite name="example.spec.js" timestamp="2026-03-21T13:26:59.293Z" hostname="firefox" tests="4" failures="0" skipped="0" time="45.603" errors="0">
<testcase name="JobApp E2E Tests › homepage loads correctly" classname="example.spec.js" time="8.868">
</testcase>
<testcase name="JobApp E2E Tests › navigation works" classname="example.spec.js" time="9.945">
</testcase>
<testcase name="JobApp E2E Tests › responsive design works" classname="example.spec.js" time="12.743">
</testcase>
<testcase name="JobApp E2E Tests › error handling works" classname="example.spec.js" time="14.047">
</testcase>
</testsuite>
<testsuite name="example.spec.js" timestamp="2026-03-21T13:26:59.293Z" hostname="webkit" tests="4" failures="0" skipped="0" time="34.787" errors="0">
<testcase name="JobApp E2E Tests › homepage loads correctly" classname="example.spec.js" time="4.801">
</testcase>
<testcase name="JobApp E2E Tests › navigation works" classname="example.spec.js" time="9.719">
</testcase>
<testcase name="JobApp E2E Tests › responsive design works" classname="example.spec.js" time="11.9">
</testcase>
<testcase name="JobApp E2E Tests › error handling works" classname="example.spec.js" time="8.367">
</testcase>
</testsuite>
<testsuite name="example.spec.js" timestamp="2026-03-21T13:26:59.293Z" hostname="Mobile Chrome" tests="4" failures="0" skipped="0" time="17.122" errors="0">
<testcase name="JobApp E2E Tests › homepage loads correctly" classname="example.spec.js" time="3.446">
</testcase>
<testcase name="JobApp E2E Tests › navigation works" classname="example.spec.js" time="3.411">
</testcase>
<testcase name="JobApp E2E Tests › responsive design works" classname="example.spec.js" time="4.616">
</testcase>
<testcase name="JobApp E2E Tests › error handling works" classname="example.spec.js" time="5.649">
</testcase>
</testsuite>
<testsuite name="example.spec.js" timestamp="2026-03-21T13:26:59.293Z" hostname="Mobile Safari" tests="4" failures="0" skipped="0" time="23.023" errors="0">
<testcase name="JobApp E2E Tests › homepage loads correctly" classname="example.spec.js" time="5.642">
</testcase>
<testcase name="JobApp E2E Tests › navigation works" classname="example.spec.js" time="5.232">
</testcase>
<testcase name="JobApp E2E Tests › responsive design works" classname="example.spec.js" time="6.562">
</testcase>
<testcase name="JobApp E2E Tests › error handling works" classname="example.spec.js" time="5.587">
</testcase>
</testsuite>
</testsuites>